C:\USERS\ALVARO\DROPBOX\CURSO 2015-16\SEXTO CUATRIMESTRE\INFORMATICA\TRABAJO\JUEGODEFINITIVO\PANG\TMP\DEBUG\BONUS.OBJ
C:\USERS\ALVARO\DROPBOX\CURSO 2015-16\SEXTO CUATRIMESTRE\INFORMATICA\TRABAJO\JUEGODEFINITIVO\PANG\TMP\DEBUG\DISPARO.OBJ
C:\USERS\ALVARO\DROPBOX\CURSO 2015-16\SEXTO CUATRIMESTRE\INFORMATICA\TRABAJO\JUEGODEFINITIVO\PANG\TMP\DEBUG\ENEMIGO.OBJ
C:\USERS\ALVARO\DROPBOX\CURSO 2015-16\SEXTO CUATRIMESTRE\INFORMATICA\TRABAJO\JUEGODEFINITIVO\PANG\TMP\DEBUG\INTERACCION.OBJ
C:\USERS\ALVARO\DROPBOX\CURSO 2015-16\SEXTO CUATRIMESTRE\INFORMATICA\TRABAJO\JUEGODEFINITIVO\PANG\TMP\DEBUG\LABERINTO.OBJ
C:\USERS\ALVARO\DROPBOX\CURSO 2015-16\SEXTO CUATRIMESTRE\INFORMATICA\TRABAJO\JUEGODEFINITIVO\PANG\TMP\DEBUG\LISTABONUS.OBJ
C:\USERS\ALVARO\DROPBOX\CURSO 2015-16\SEXTO CUATRIMESTRE\INFORMATICA\TRABAJO\JUEGODEFINITIVO\PANG\TMP\DEBUG\LISTADISPAROS.OBJ
C:\USERS\ALVARO\DROPBOX\CURSO 2015-16\SEXTO CUATRIMESTRE\INFORMATICA\TRABAJO\JUEGODEFINITIVO\PANG\TMP\DEBUG\LISTAENEMIGOS.OBJ
C:\USERS\ALVARO\DROPBOX\CURSO 2015-16\SEXTO CUATRIMESTRE\INFORMATICA\TRABAJO\JUEGODEFINITIVO\PANG\TMP\DEBUG\LISTAPAREDES.OBJ
C:\USERS\ALVARO\DROPBOX\CURSO 2015-16\SEXTO CUATRIMESTRE\INFORMATICA\TRABAJO\JUEGODEFINITIVO\PANG\TMP\DEBUG\MUNDO.OBJ
C:\USERS\ALVARO\DROPBOX\CURSO 2015-16\SEXTO CUATRIMESTRE\INFORMATICA\TRABAJO\JUEGODEFINITIVO\PANG\TMP\DEBUG\MUNIECO.OBJ
C:\USERS\ALVARO\DROPBOX\CURSO 2015-16\SEXTO CUATRIMESTRE\INFORMATICA\TRABAJO\JUEGODEFINITIVO\PANG\TMP\DEBUG\OPENGL.OBJ
C:\USERS\ALVARO\DROPBOX\CURSO 2015-16\SEXTO CUATRIMESTRE\INFORMATICA\TRABAJO\JUEGODEFINITIVO\PANG\TMP\DEBUG\PANG.OBJ
C:\USERS\ALVARO\DROPBOX\CURSO 2015-16\SEXTO CUATRIMESTRE\INFORMATICA\TRABAJO\JUEGODEFINITIVO\PANG\TMP\DEBUG\PARED.OBJ
C:\USERS\ALVARO\DROPBOX\CURSO 2015-16\SEXTO CUATRIMESTRE\INFORMATICA\TRABAJO\JUEGODEFINITIVO\PANG\TMP\DEBUG\PROTAGONISTA.OBJ
C:\USERS\ALVARO\DROPBOX\CURSO 2015-16\SEXTO CUATRIMESTRE\INFORMATICA\TRABAJO\JUEGODEFINITIVO\PANG\TMP\DEBUG\SUELO.OBJ
C:\USERS\ALVARO\DROPBOX\CURSO 2015-16\SEXTO CUATRIMESTRE\INFORMATICA\TRABAJO\JUEGODEFINITIVO\PANG\TMP\DEBUG\VECTOR2D.OBJ
C:\USERS\ALVARO\DROPBOX\CURSO 2015-16\SEXTO CUATRIMESTRE\INFORMATICA\TRABAJO\JUEGODEFINITIVO\PANG\TMP\DEBUG\VC110.PDB
C:\USERS\ALVARO\DROPBOX\CURSO 2015-16\SEXTO CUATRIMESTRE\INFORMATICA\TRABAJO\JUEGODEFINITIVO\PANG\BIN\PANG.ILK
C:\USERS\ALVARO\DROPBOX\CURSO 2015-16\SEXTO CUATRIMESTRE\INFORMATICA\TRABAJO\JUEGODEFINITIVO\PANG\BIN\PANG.EXE
C:\USERS\ALVARO\DROPBOX\CURSO 2015-16\SEXTO CUATRIMESTRE\INFORMATICA\TRABAJO\JUEGODEFINITIVO\PANG\BIN\PANG.PDB
C:\Users\Alvaro\Dropbox\Curso 2015-16\SEXTO CUATRIMESTRE\INFORMATICA\Trabajo\JuegoDefinitivo\Pang\tmp\Debug\Bonus.obj
C:\Users\Alvaro\Dropbox\Curso 2015-16\SEXTO CUATRIMESTRE\INFORMATICA\Trabajo\JuegoDefinitivo\Pang\tmp\Debug\Disparo.obj
C:\Users\Alvaro\Dropbox\Curso 2015-16\SEXTO CUATRIMESTRE\INFORMATICA\Trabajo\JuegoDefinitivo\Pang\tmp\Debug\Enemigo.obj
C:\Users\Alvaro\Dropbox\Curso 2015-16\SEXTO CUATRIMESTRE\INFORMATICA\Trabajo\JuegoDefinitivo\Pang\tmp\Debug\Interaccion.obj
C:\Users\Alvaro\Dropbox\Curso 2015-16\SEXTO CUATRIMESTRE\INFORMATICA\Trabajo\JuegoDefinitivo\Pang\tmp\Debug\Laberinto.obj
C:\Users\Alvaro\Dropbox\Curso 2015-16\SEXTO CUATRIMESTRE\INFORMATICA\Trabajo\JuegoDefinitivo\Pang\tmp\Debug\ListaBonus.obj
C:\Users\Alvaro\Dropbox\Curso 2015-16\SEXTO CUATRIMESTRE\INFORMATICA\Trabajo\JuegoDefinitivo\Pang\tmp\Debug\ListaDisparos.obj
C:\Users\Alvaro\Dropbox\Curso 2015-16\SEXTO CUATRIMESTRE\INFORMATICA\Trabajo\JuegoDefinitivo\Pang\tmp\Debug\ListaEnemigos.obj
C:\Users\Alvaro\Dropbox\Curso 2015-16\SEXTO CUATRIMESTRE\INFORMATICA\Trabajo\JuegoDefinitivo\Pang\tmp\Debug\ListaParedes.obj
C:\Users\Alvaro\Dropbox\Curso 2015-16\SEXTO CUATRIMESTRE\INFORMATICA\Trabajo\JuegoDefinitivo\Pang\tmp\Debug\Mundo.obj
C:\Users\Alvaro\Dropbox\Curso 2015-16\SEXTO CUATRIMESTRE\INFORMATICA\Trabajo\JuegoDefinitivo\Pang\tmp\Debug\Munieco.obj
C:\Users\Alvaro\Dropbox\Curso 2015-16\SEXTO CUATRIMESTRE\INFORMATICA\Trabajo\JuegoDefinitivo\Pang\tmp\Debug\OpenGL.obj
C:\Users\Alvaro\Dropbox\Curso 2015-16\SEXTO CUATRIMESTRE\INFORMATICA\Trabajo\JuegoDefinitivo\Pang\tmp\Debug\Pang.obj
C:\Users\Alvaro\Dropbox\Curso 2015-16\SEXTO CUATRIMESTRE\INFORMATICA\Trabajo\JuegoDefinitivo\Pang\tmp\Debug\Pared.obj
C:\Users\Alvaro\Dropbox\Curso 2015-16\SEXTO CUATRIMESTRE\INFORMATICA\Trabajo\JuegoDefinitivo\Pang\tmp\Debug\Protagonista.obj
C:\Users\Alvaro\Dropbox\Curso 2015-16\SEXTO CUATRIMESTRE\INFORMATICA\Trabajo\JuegoDefinitivo\Pang\tmp\Debug\Suelo.obj
C:\Users\Alvaro\Dropbox\Curso 2015-16\SEXTO CUATRIMESTRE\INFORMATICA\Trabajo\JuegoDefinitivo\Pang\tmp\Debug\Vector2D.obj
C:\Users\Alvaro\Dropbox\Curso 2015-16\SEXTO CUATRIMESTRE\INFORMATICA\Trabajo\JuegoDefinitivo\Pang\tmp\Debug\cl.command.1.tlog
C:\Users\Alvaro\Dropbox\Curso 2015-16\SEXTO CUATRIMESTRE\INFORMATICA\Trabajo\JuegoDefinitivo\Pang\tmp\Debug\CL.read.1.tlog
C:\Users\Alvaro\Dropbox\Curso 2015-16\SEXTO CUATRIMESTRE\INFORMATICA\Trabajo\JuegoDefinitivo\Pang\tmp\Debug\CL.write.1.tlog
C:\Users\Alvaro\Dropbox\Curso 2015-16\SEXTO CUATRIMESTRE\INFORMATICA\Trabajo\JuegoDefinitivo\Pang\tmp\Debug\link-cvtres.read.1.tlog
C:\Users\Alvaro\Dropbox\Curso 2015-16\SEXTO CUATRIMESTRE\INFORMATICA\Trabajo\JuegoDefinitivo\Pang\tmp\Debug\link-cvtres.write.1.tlog
C:\Users\Alvaro\Dropbox\Curso 2015-16\SEXTO CUATRIMESTRE\INFORMATICA\Trabajo\JuegoDefinitivo\Pang\tmp\Debug\link-rc.read.1.tlog
C:\Users\Alvaro\Dropbox\Curso 2015-16\SEXTO CUATRIMESTRE\INFORMATICA\Trabajo\JuegoDefinitivo\Pang\tmp\Debug\link-rc.write.1.tlog
C:\Users\Alvaro\Dropbox\Curso 2015-16\SEXTO CUATRIMESTRE\INFORMATICA\Trabajo\JuegoDefinitivo\Pang\tmp\Debug\link.command.1.tlog
C:\Users\Alvaro\Dropbox\Curso 2015-16\SEXTO CUATRIMESTRE\INFORMATICA\Trabajo\JuegoDefinitivo\Pang\tmp\Debug\link.read.1.tlog
C:\Users\Alvaro\Dropbox\Curso 2015-16\SEXTO CUATRIMESTRE\INFORMATICA\Trabajo\JuegoDefinitivo\Pang\tmp\Debug\link.write.1.tlog
C:\Users\Alvaro\Dropbox\Curso 2015-16\SEXTO CUATRIMESTRE\INFORMATICA\Trabajo\JuegoDefinitivo\Pang\tmp\Debug\vc110.idb
C:\Users\Alvaro\Dropbox\Curso 2015-16\SEXTO CUATRIMESTRE\INFORMATICA\Trabajo\JuegoDefinitivo\Pang\tmp\Debug\vc110.pdb
C:\Users\Alvaro\Dropbox\Curso 2015-16\SEXTO CUATRIMESTRE\INFORMATICA\Trabajo\JuegoDefinitivo\Pang\bin\Pang.pdb
C:\Users\Alvaro\Dropbox\Curso 2015-16\SEXTO CUATRIMESTRE\INFORMATICA\Trabajo\JuegoDefinitivo\Pang\bin\Pang.exe
C:\Users\Alvaro\Dropbox\Curso 2015-16\SEXTO CUATRIMESTRE\INFORMATICA\Trabajo\JuegoDefinitivo\Pang\bin\Pang.ilk
